{"/Users/raphaelgab-momoh/Week1day1/my-devops-project/app.js": {"path":"/Users/raphaelgab-momoh/Week1day1/my-devops-project/app.js","statementMap":{"0":{"start":{"line":2,"column":13},"end":{"line":2,"column":28}},"1":{"start":{"line":3,"column":12},"end":{"line":3,"column":26}},"2":{"start":{"line":6,"column":13},"end":{"line":6,"column":37}},"3":{"start":{"line":7,"column":20},"end":{"line":7,"column":57}},"4":{"start":{"line":9,"column":19},"end":{"line":9,"column":20}},"5":{"start":{"line":13,"column":2},"end":{"line":13,"column":30}},"6":{"start":{"line":14,"column":2},"end":{"line":14,"column":52}},"7":{"start":{"line":15,"column":2},"end":{"line":15,"column":41}},"8":{"start":{"line":20,"column":2},"end":{"line":20,"column":30}},"9":{"start":{"line":21,"column":2},"end":{"line":21,"column":45}},"10":{"start":{"line":22,"column":2},"end":{"line":22,"column":19}},"11":{"start":{"line":27,"column":14},"end":{"line":27,"column":35}},"12":{"start":{"line":28,"column":18},"end":{"line":43,"column":1}},"13":{"start":{"line":44,"column":2},"end":{"line":44,"column":23}},"14":{"start":{"line":45,"column":2},"end":{"line":45,"column":46}},"15":{"start":{"line":46,"column":2},"end":{"line":46,"column":19}},"16":{"start":{"line":50,"column":15},"end":{"line":142,"column":2}},"17":{"start":{"line":51,"column":2},"end":{"line":51,"column":17}},"18":{"start":{"line":52,"column":20},"end":{"line":52,"column":44}},"19":{"start":{"line":53,"column":23},"end":{"line":53,"column":47}},"20":{"start":{"line":56,"column":2},"end":{"line":60,"column":4}},"21":{"start":{"line":63,"column":2},"end":{"line":63,"column":52}},"22":{"start":{"line":64,"column":2},"end":{"line":64,"column":74}},"23":{"start":{"line":65,"column":2},"end":{"line":65,"column":64}},"24":{"start":{"line":68,"column":2},"end":{"line":68,"column":53}},"25":{"start":{"line":69,"column":2},"end":{"line":69,"column":43}},"26":{"start":{"line":70,"column":2},"end":{"line":70,"column":53}},"27":{"start":{"line":73,"column":2},"end":{"line":141,"column":3}},"28":{"start":{"line":75,"column":6},"end":{"line":104,"column":8}},"29":{"start":{"line":105,"column":6},"end":{"line":105,"column":12}},"30":{"start":{"line":108,"column":6},"end":{"line":116,"column":9}},"31":{"start":{"line":117,"column":6},"end":{"line":117,"column":12}},"32":{"start":{"line":120,"column":6},"end":{"line":128,"column":9}},"33":{"start":{"line":129,"column":6},"end":{"line":129,"column":12}},"34":{"start":{"line":132,"column":6},"end":{"line":132,"column":23}},"35":{"start":{"line":133,"column":6},"end":{"line":133,"column":12}},"36":{"start":{"line":136,"column":6},"end":{"line":140,"column":9}},"37":{"start":{"line":146,"column":2},"end":{"line":146,"column":67}},"38":{"start":{"line":147,"column":2},"end":{"line":150,"column":5}},"39":{"start":{"line":148,"column":4},"end":{"line":148,"column":33}},"40":{"start":{"line":149,"column":4},"end":{"line":149,"column":20}},"41":{"start":{"line":152,"column":0},"end":{"line":152,"column":49}},"42":{"start":{"line":152,"column":28},"end":{"line":152,"column":47}},"43":{"start":{"line":153,"column":0},"end":{"line":153,"column":47}},"44":{"start":{"line":153,"column":27},"end":{"line":153,"column":45}},"45":{"start":{"line":156,"column":0},"end":{"line":162,"column":1}},"46":{"start":{"line":157,"column":2},"end":{"line":161,"column":5}},"47":{"start":{"line":158,"column":4},"end":{"line":158,"column":66}},"48":{"start":{"line":159,"column":4},"end":{"line":159,"column":47}},"49":{"start":{"line":160,"column":4},"end":{"line":160,"column":55}},"50":{"start":{"line":165,"column":0},"end":{"line":165,"column":24}}},"fnMap":{"0":{"name":"sendJSON","decl":{"start":{"line":12,"column":9},"end":{"line":12,"column":17}},"loc":{"start":{"line":12,"column":41},"end":{"line":16,"column":1}},"line":12},"1":{"name":"sendHTML","decl":{"start":{"line":19,"column":9},"end":{"line":19,"column":17}},"loc":{"start":{"line":19,"column":44},"end":{"line":23,"column":1}},"line":19},"2":{"name":"sendMetrics","decl":{"start":{"line":26,"column":9},"end":{"line":26,"column":20}},"loc":{"start":{"line":26,"column":26},"end":{"line":47,"column":1}},"line":26},"3":{"name":"(anonymous_3)","decl":{"start":{"line":50,"column":33},"end":{"line":50,"column":34}},"loc":{"start":{"line":50,"column":47},"end":{"line":142,"column":1}},"line":50},"4":{"name":"shutdown","decl":{"start":{"line":145,"column":9},"end":{"line":145,"column":17}},"loc":{"start":{"line":145,"column":26},"end":{"line":151,"column":1}},"line":145},"5":{"name":"(anonymous_5)","decl":{"start":{"line":147,"column":15},"end":{"line":147,"column":16}},"loc":{"start":{"line":147,"column":21},"end":{"line":150,"column":3}},"line":147},"6":{"name":"(anonymous_6)","decl":{"start":{"line":152,"column":22},"end":{"line":152,"column":23}},"loc":{"start":{"line":152,"column":28},"end":{"line":152,"column":47}},"line":152},"7":{"name":"(anonymous_7)","decl":{"start":{"line":153,"column":21},"end":{"line":153,"column":22}},"loc":{"start":{"line":153,"column":27},"end":{"line":153,"column":45}},"line":153},"8":{"name":"(anonymous_8)","decl":{"start":{"line":157,"column":22},"end":{"line":157,"column":23}},"loc":{"start":{"line":157,"column":28},"end":{"line":161,"column":3}},"line":157}},"branchMap":{"0":{"loc":{"start":{"line":6,"column":13},"end":{"line":6,"column":37}},"type":"binary-expr","locations":[{"start":{"line":6,"column":13},"end":{"line":6,"column":29}},{"start":{"line":6,"column":33},"end":{"line":6,"column":37}}],"line":6},"1":{"loc":{"start":{"line":7,"column":20},"end":{"line":7,"column":57}},"type":"binary-expr","locations":[{"start":{"line":7,"column":20},"end":{"line":7,"column":40}},{"start":{"line":7,"column":44},"end":{"line":7,"column":57}}],"line":7},"2":{"loc":{"start":{"line":58,"column":6},"end":{"line":58,"column":44}},"type":"binary-expr","locations":[{"start":{"line":58,"column":6},"end":{"line":58,"column":31}},{"start":{"line":58,"column":35},"end":{"line":58,"column":44}}],"line":58},"3":{"loc":{"start":{"line":73,"column":2},"end":{"line":141,"column":3}},"type":"switch","locations":[{"start":{"line":74,"column":4},"end":{"line":105,"column":12}},{"start":{"line":107,"column":4},"end":{"line":117,"column":12}},{"start":{"line":119,"column":4},"end":{"line":129,"column":12}},{"start":{"line":131,"column":4},"end":{"line":133,"column":12}},{"start":{"line":135,"column":4},"end":{"line":140,"column":9}}],"line":73},"4":{"loc":{"start":{"line":156,"column":0},"end":{"line":162,"column":1}},"type":"if","locations":[{"start":{"line":156,"column":0},"end":{"line":162,"column":1}},{"start":{},"end":{}}],"line":156}},"s":{"0":1,"1":1,"2":1,"3":1,"4":1,"5":3,"6":3,"7":3,"8":1,"9":1,"10":1,"11":1,"12":1,"13":1,"14":1,"15":1,"16":1,"17":5,"18":5,"19":5,"20":5,"21":5,"22":5,"23":5,"24":5,"25":5,"26":5,"27":5,"28":1,"29":1,"30":1,"31":1,"32":1,"33":1,"34":1,"35":1,"36":1,"37":0,"38":0,"39":0,"40":0,"41":1,"42":0,"43":1,"44":0,"45":1,"46":0,"47":0,"48":0,"49":0,"50":1},"f":{"0":3,"1":1,"2":1,"3":5,"4":0,"5":0,"6":0,"7":0,"8":0},"b":{"0":[1,1],"1":[1,0],"2":[5,5],"3":[1,1,1,1,1],"4":[0,1]},"_coverageSchema":"1a1c01bbd47fc00a2c39e90264f33305004495a9","hash":"2eb6da81c0fee59fea8af1df03be0850d7531921"}
}
