TN:
SF:app.js
FN:12,sendJSON
FN:19,sendHTML
FN:26,sendMetrics
FN:50,(anonymous_3)
FN:145,shutdown
FN:147,(anonymous_5)
FN:152,(anonymous_6)
FN:153,(anonymous_7)
FN:157,(anonymous_8)
FNF:9
FNH:4
FNDA:3,sendJSON
FNDA:1,sendHTML
FNDA:1,sendMetrics
FNDA:5,(anonymous_3)
FNDA:0,shutdown
FNDA:0,(anonymous_5)
FNDA:0,(anonymous_6)
FNDA:0,(anonymous_7)
FNDA:0,(anonymous_8)
DA:2,1
DA:3,1
DA:6,1
DA:7,1
DA:9,1
DA:13,3
DA:14,3
DA:15,3
DA:20,1
DA:21,1
DA:22,1
DA:27,1
DA:28,1
DA:44,1
DA:45,1
DA:46,1
DA:50,1
DA:51,5
DA:52,5
DA:53,5
DA:56,5
DA:63,5
DA:64,5
DA:65,5
DA:68,5
DA:69,5
DA:70,5
DA:73,5
DA:75,1
DA:105,1
DA:108,1
DA:117,1
DA:120,1
DA:129,1
DA:132,1
DA:133,1
DA:136,1
DA:146,0
DA:147,0
DA:148,0
DA:149,0
DA:152,1
DA:153,1
DA:156,1
DA:157,0
DA:158,0
DA:159,0
DA:160,0
DA:165,1
LF:49
LH:41
BRDA:6,0,0,1
BRDA:6,0,1,1
BRDA:7,1,0,1
BRDA:7,1,1,0
BRDA:58,2,0,5
BRDA:58,2,1,5
BRDA:73,3,0,1
BRDA:73,3,1,1
BRDA:73,3,2,1
BRDA:73,3,3,1
BRDA:73,3,4,1
BRDA:156,4,0,0
BRDA:156,4,1,1
BRF:13
BRH:11
end_of_record
